Determining if the pthread_create exist failed with the following output:
Change Dir: /opt/ros/jade/share/drone_gazebo/plugins/build/CMakeFiles/CMakeTmp

Run Build Command:"/usr/bin/make" "cmTryCompileExec3066016952/fast"
/usr/bin/make -f CMakeFiles/cmTryCompileExec3066016952.dir/build.make CMakeFiles/cmTryCompileExec3066016952.dir/build
make[1]: Entering directory '/opt/ros/jade/share/drone_gazebo/plugins/build/CMakeFiles/CMakeTmp'
/usr/bin/cmake -E cmake_progress_report /opt/ros/jade/share/drone_gazebo/plugins/build/CMakeFiles/CMakeTmp/CMakeFiles 1
Building C object CMakeFiles/cmTryCompileExec3066016952.dir/CheckSymbolExists.c.o
/usr/bin/cc    -o CMakeFiles/cmTryCompileExec3066016952.dir/CheckSymbolExists.c.o   -c /opt/ros/jade/share/drone_gazebo/plugins/build/CMakeFiles/CMakeTmp/CheckSymbolExists.c
Linking C executable cmTryCompileExec3066016952
/usr/bin/cmake -E cmake_link_script CMakeFiles/cmTryCompileExec3066016952.dir/link.txt --verbose=1
/usr/bin/cc       CMakeFiles/cmTryCompileExec3066016952.dir/CheckSymbolExists.c.o  -o cmTryCompileExec3066016952 -rdynamic 
CMakeFiles/cmTryCompileExec3066016952.dir/CheckSymbolExists.c.o: In function `main':
CheckSymbolExists.c:(.text+0x16): undefined reference to `pthread_create'
collect2: error: ld returned 1 exit status
CMakeFiles/cmTryCompileExec3066016952.dir/build.make:88: recipe for target 'cmTryCompileExec3066016952' failed
make[1]: Leaving directory '/opt/ros/jade/share/drone_gazebo/plugins/build/CMakeFiles/CMakeTmp'
Makefile:118: recipe for target 'cmTryCompileExec3066016952/fast' failed
make[1]: *** [cmTryCompileExec3066016952] Error 1
make: *** [cmTryCompileExec3066016952/fast] Error 2

File /opt/ros/jade/share/drone_gazebo/plugins/build/CMakeFiles/CMakeTmp/CheckSymbolExists.c:
/* */
#include <pthread.h>

int main(int argc, char** argv)
{
  (void)argv;
#ifndef pthread_create
  return ((int*)(&pthread_create))[argc];
#else
  (void)argc;
  return 0;
#endif
}

Determining if the function pthread_create exists in the pthreads failed with the following output:
Change Dir: /opt/ros/jade/share/drone_gazebo/plugins/build/CMakeFiles/CMakeTmp

Run Build Command:"/usr/bin/make" "cmTryCompileExec3290398451/fast"
/usr/bin/make -f CMakeFiles/cmTryCompileExec3290398451.dir/build.make CMakeFiles/cmTryCompileExec3290398451.dir/build
make[1]: Entering directory '/opt/ros/jade/share/drone_gazebo/plugins/build/CMakeFiles/CMakeTmp'
/usr/bin/cmake -E cmake_progress_report /opt/ros/jade/share/drone_gazebo/plugins/build/CMakeFiles/CMakeTmp/CMakeFiles 1
Building C object CMakeFiles/cmTryCompileExec3290398451.dir/CheckFunctionExists.c.o
/usr/bin/cc   -DCHECK_FUNCTION_EXISTS=pthread_create   -o CMakeFiles/cmTryCompileExec3290398451.dir/CheckFunctionExists.c.o   -c /usr/share/cmake-3.0/Modules/CheckFunctionExists.c
Linking C executable cmTryCompileExec3290398451
/usr/bin/cmake -E cmake_link_script CMakeFiles/cmTryCompileExec3290398451.dir/link.txt --verbose=1
/usr/bin/cc   -DCHECK_FUNCTION_EXISTS=pthread_create    CMakeFiles/cmTryCompileExec3290398451.dir/CheckFunctionExists.c.o  -o cmTryCompileExec3290398451 -rdynamic -lpthreads 
/usr/bin/ld: cannot find -lpthreads
CMakeFiles/cmTryCompileExec3290398451.dir/build.make:88: recipe for target 'cmTryCompileExec3290398451' failed
make[1]: Leaving directory '/opt/ros/jade/share/drone_gazebo/plugins/build/CMakeFiles/CMakeTmp'
Makefile:118: recipe for target 'cmTryCompileExec3290398451/fast' failed
collect2: error: ld returned 1 exit status
make[1]: *** [cmTryCompileExec3290398451] Error 1
make: *** [cmTryCompileExec3290398451/fast] Error 2


